{"/Users/sth1pal/Documents/Development/JavaScript/nodejs/ts6/dev/hsLibs/standalone/hsUtil/src/Checksum.ts": {"path":"/Users/sth1pal/Documents/Development/JavaScript/nodejs/ts6/dev/hsLibs/standalone/hsUtil/src/Checksum.ts","statementMap":{"0":{"start":{"line":10,"column":14},"end":{"line":10,"column":24}},"1":{"start":{"line":11,"column":14},"end":{"line":11,"column":22}},"2":{"start":{"line":12,"column":4},"end":{"line":14,"column":5}},"3":{"start":{"line":13,"column":8},"end":{"line":13,"column":43}},"4":{"start":{"line":15,"column":4},"end":{"line":15,"column":43}},"5":{"start":{"line":9,"column":1},"end":{"line":16,"column":2}}},"fnMap":{"0":{"name":"shortCheckSum","decl":{"start":{"line":9,"column":17},"end":{"line":9,"column":30}},"loc":{"start":{"line":9,"column":39},"end":{"line":16,"column":2}}}},"branchMap":{},"s":{"0":1,"1":1,"2":1,"3":27,"4":1,"5":1},"f":{"0":1},"b":{}}
,"/Users/sth1pal/Documents/Development/JavaScript/nodejs/ts6/dev/hsLibs/standalone/hsUtil/src/Date.ts": {"path":"/Users/sth1pal/Documents/Development/JavaScript/nodejs/ts6/dev/hsLibs/standalone/hsUtil/src/Date.ts","statementMap":{"0":{"start":{"line":16,"column":17},"end":{"line":18,"column":123}},"1":{"start":{"line":21,"column":15},"end":{"line":22,"column":138}},"2":{"start":{"line":26,"column":12},"end":{"line":26,"column":21}},"3":{"start":{"line":27,"column":4},"end":{"line":27,"column":46}},"4":{"start":{"line":27,"column":32},"end":{"line":27,"column":44}},"5":{"start":{"line":28,"column":4},"end":{"line":28,"column":13}},"6":{"start":{"line":44,"column":4},"end":{"line":64,"column":73}},"7":{"start":{"line":43,"column":0},"end":{"line":65,"column":1}},"8":{"start":{"line":68,"column":13},"end":{"line":77,"column":2}},"9":{"start":{"line":69,"column":36},"end":{"line":69,"column":47}},"10":{"start":{"line":70,"column":36},"end":{"line":70,"column":48}},"11":{"start":{"line":71,"column":36},"end":{"line":71,"column":51}},"12":{"start":{"line":72,"column":36},"end":{"line":72,"column":53}},"13":{"start":{"line":73,"column":36},"end":{"line":73,"column":48}},"14":{"start":{"line":74,"column":36},"end":{"line":74,"column":51}},"15":{"start":{"line":75,"column":36},"end":{"line":75,"column":54}},"16":{"start":{"line":76,"column":36},"end":{"line":76,"column":56}}},"fnMap":{"0":{"name":"formatNumber","decl":{"start":{"line":25,"column":9},"end":{"line":25,"column":21}},"loc":{"start":{"line":25,"column":50},"end":{"line":29,"column":1}}},"1":{"name":"date","decl":{"start":{"line":43,"column":16},"end":{"line":43,"column":20}},"loc":{"start":{"line":43,"column":57},"end":{"line":65,"column":1}}},"2":{"name":"(anonymous_2)","decl":{"start":{"line":69,"column":20},"end":{"line":69,"column":21}},"loc":{"start":{"line":69,"column":36},"end":{"line":69,"column":47}}},"3":{"name":"(anonymous_3)","decl":{"start":{"line":70,"column":20},"end":{"line":70,"column":21}},"loc":{"start":{"line":70,"column":36},"end":{"line":70,"column":48}}},"4":{"name":"(anonymous_4)","decl":{"start":{"line":71,"column":20},"end":{"line":71,"column":21}},"loc":{"start":{"line":71,"column":36},"end":{"line":71,"column":51}}},"5":{"name":"(anonymous_5)","decl":{"start":{"line":72,"column":20},"end":{"line":72,"column":21}},"loc":{"start":{"line":72,"column":36},"end":{"line":72,"column":53}}},"6":{"name":"(anonymous_6)","decl":{"start":{"line":73,"column":20},"end":{"line":73,"column":21}},"loc":{"start":{"line":73,"column":36},"end":{"line":73,"column":48}}},"7":{"name":"(anonymous_7)","decl":{"start":{"line":74,"column":20},"end":{"line":74,"column":21}},"loc":{"start":{"line":74,"column":36},"end":{"line":74,"column":51}}},"8":{"name":"(anonymous_8)","decl":{"start":{"line":75,"column":20},"end":{"line":75,"column":21}},"loc":{"start":{"line":75,"column":36},"end":{"line":75,"column":54}}},"9":{"name":"(anonymous_9)","decl":{"start":{"line":76,"column":20},"end":{"line":76,"column":21}},"loc":{"start":{"line":76,"column":36},"end":{"line":76,"column":56}}}},"branchMap":{"0":{"loc":{"start":{"line":43,"column":47},"end":{"line":43,"column":57}},"type":"default-arg","locations":[{"start":{"line":43,"column":47},"end":{"line":43,"column":57}}]},"1":{"loc":{"start":{"line":45,"column":8},"end":{"line":45,"column":17}},"type":"cond-expr","locations":[{"start":{"line":45,"column":8},"end":{"line":45,"column":17}},{"start":{"line":46,"column":8},"end":{"line":64,"column":72}}]},"2":{"loc":{"start":{"line":44,"column":12},"end":{"line":44,"column":44}},"type":"binary-expr","locations":[{"start":{"line":44,"column":12},"end":{"line":44,"column":44}},{"start":{"line":44,"column":48},"end":{"line":44,"column":69}}]}},"s":{"0":2,"1":2,"2":408,"3":408,"4":132,"5":408,"6":53,"7":2,"8":2,"9":1,"10":1,"11":1,"12":1,"13":1,"14":1,"15":1,"16":1},"f":{"0":408,"1":53,"2":1,"3":1,"4":1,"5":1,"6":1,"7":1,"8":1,"9":1},"b":{"0":[47],"1":[2,51],"2":[53,51]}}
,"/Users/sth1pal/Documents/Development/JavaScript/nodejs/ts6/dev/hsLibs/standalone/hsUtil/src/Number.ts": {"path":"/Users/sth1pal/Documents/Development/JavaScript/nodejs/ts6/dev/hsLibs/standalone/hsUtil/src/Number.ts","statementMap":{"0":{"start":{"line":19,"column":14},"end":{"line":19,"column":28}},"1":{"start":{"line":20,"column":14},"end":{"line":20,"column":31}},"2":{"start":{"line":21,"column":4},"end":{"line":21,"column":16}},"3":{"start":{"line":12,"column":1},"end":{"line":22,"column":2}}},"fnMap":{"0":{"name":"round","decl":{"start":{"line":12,"column":17},"end":{"line":12,"column":22}},"loc":{"start":{"line":12,"column":36},"end":{"line":22,"column":2}}}},"branchMap":{"0":{"loc":{"start":{"line":12,"column":35},"end":{"line":12,"column":36}},"type":"default-arg","locations":[{"start":{"line":12,"column":35},"end":{"line":12,"column":36}}]}},"s":{"0":4,"1":4,"2":4,"3":1},"f":{"0":4},"b":{"0":[2]}}
,"/Users/sth1pal/Documents/Development/JavaScript/nodejs/ts6/dev/hsLibs/standalone/hsUtil/src/TimedPromises.ts": {"path":"/Users/sth1pal/Documents/Development/JavaScript/nodejs/ts6/dev/hsLibs/standalone/hsUtil/src/TimedPromises.ts","statementMap":{"0":{"start":{"line":13,"column":4},"end":{"line":13,"column":73}},"1":{"start":{"line":13,"column":46},"end":{"line":13,"column":69}},"2":{"start":{"line":12,"column":0},"end":{"line":14,"column":1}},"3":{"start":{"line":38,"column":4},"end":{"line":42,"column":6}},"4":{"start":{"line":39,"column":8},"end":{"line":41,"column":11}},"5":{"start":{"line":40,"column":12},"end":{"line":40,"column":53}},"6":{"start":{"line":40,"column":31},"end":{"line":40,"column":45}},"7":{"start":{"line":37,"column":0},"end":{"line":43,"column":1}},"8":{"start":{"line":57,"column":12},"end":{"line":57,"column":33}},"9":{"start":{"line":59,"column":12},"end":{"line":59,"column":32}},"10":{"start":{"line":60,"column":12},"end":{"line":60,"column":32}},"11":{"start":{"line":61,"column":12},"end":{"line":61,"column":32}},"12":{"start":{"line":69,"column":8},"end":{"line":69,"column":27}},"13":{"start":{"line":70,"column":8},"end":{"line":70,"column":43}},"14":{"start":{"line":73,"column":24},"end":{"line":73,"column":46}},"15":{"start":{"line":74,"column":24},"end":{"line":74,"column":48}},"16":{"start":{"line":83,"column":24},"end":{"line":83,"column":34}},"17":{"start":{"line":84,"column":8},"end":{"line":84,"column":67}},"18":{"start":{"line":84,"column":40},"end":{"line":84,"column":65}},"19":{"start":{"line":85,"column":21},"end":{"line":85,"column":45}},"20":{"start":{"line":86,"column":8},"end":{"line":86,"column":40}},"21":{"start":{"line":87,"column":8},"end":{"line":87,"column":25}},"22":{"start":{"line":88,"column":8},"end":{"line":88,"column":28}},"23":{"start":{"line":89,"column":8},"end":{"line":98,"column":11}},"24":{"start":{"line":90,"column":29},"end":{"line":96,"column":13}},"25":{"start":{"line":91,"column":16},"end":{"line":95,"column":17}},"26":{"start":{"line":92,"column":20},"end":{"line":92,"column":30}},"27":{"start":{"line":94,"column":20},"end":{"line":94,"column":45}},"28":{"start":{"line":97,"column":12},"end":{"line":97,"column":23}},"29":{"start":{"line":99,"column":8},"end":{"line":99,"column":25}},"30":{"start":{"line":100,"column":8},"end":{"line":100,"column":27}},"31":{"start":{"line":101,"column":20},"end":{"line":101,"column":48}},"32":{"start":{"line":102,"column":8},"end":{"line":102,"column":27}},"33":{"start":{"line":103,"column":8},"end":{"line":103,"column":19}},"34":{"start":{"line":56,"column":0},"end":{"line":105,"column":1}},"35":{"start":{"line":117,"column":4},"end":{"line":125,"column":6}},"36":{"start":{"line":119,"column":8},"end":{"line":123,"column":11}},"37":{"start":{"line":119,"column":37},"end":{"line":123,"column":10}},"38":{"start":{"line":121,"column":12},"end":{"line":121,"column":29}},"39":{"start":{"line":122,"column":12},"end":{"line":122,"column":28}},"40":{"start":{"line":116,"column":0},"end":{"line":126,"column":1}}},"fnMap":{"0":{"name":"timeout","decl":{"start":{"line":12,"column":16},"end":{"line":12,"column":23}},"loc":{"start":{"line":12,"column":33},"end":{"line":14,"column":1}}},"1":{"name":"(anonymous_7)","decl":{"start":{"line":13,"column":23},"end":{"line":13,"column":24}},"loc":{"start":{"line":13,"column":43},"end":{"line":13,"column":71}}},"2":{"name":"delay","decl":{"start":{"line":37,"column":16},"end":{"line":37,"column":21}},"loc":{"start":{"line":37,"column":31},"end":{"line":43,"column":1}}},"3":{"name":"(anonymous_9)","decl":{"start":{"line":38,"column":11},"end":{"line":38,"column":15}},"loc":{"start":{"line":38,"column":37},"end":{"line":42,"column":5}}},"4":{"name":"(anonymous_10)","decl":{"start":{"line":39,"column":27},"end":{"line":39,"column":28}},"loc":{"start":{"line":39,"column":54},"end":{"line":41,"column":9}}},"5":{"name":"(anonymous_11)","decl":{"start":{"line":40,"column":23},"end":{"line":40,"column":25}},"loc":{"start":{"line":40,"column":28},"end":{"line":40,"column":47}}},"6":{"name":"(anonymous_12)","decl":{"start":{"line":68,"column":4},"end":{"line":68,"column":15}},"loc":{"start":{"line":68,"column":42},"end":{"line":71,"column":5}}},"7":{"name":"(anonymous_13)","decl":{"start":{"line":73,"column":4},"end":{"line":73,"column":15}},"loc":{"start":{"line":73,"column":16},"end":{"line":73,"column":48}}},"8":{"name":"(anonymous_14)","decl":{"start":{"line":74,"column":4},"end":{"line":74,"column":18}},"loc":{"start":{"line":74,"column":19},"end":{"line":74,"column":50}}},"9":{"name":"(anonymous_15)","decl":{"start":{"line":82,"column":10},"end":{"line":82,"column":12}},"loc":{"start":{"line":82,"column":47},"end":{"line":104,"column":5}}},"10":{"name":"(anonymous_17)","decl":{"start":{"line":89,"column":26},"end":{"line":89,"column":32}},"loc":{"start":{"line":89,"column":36},"end":{"line":98,"column":9}}},"11":{"name":"(anonymous_18)","decl":{"start":{"line":90,"column":29},"end":{"line":90,"column":31}},"loc":{"start":{"line":90,"column":34},"end":{"line":96,"column":13}}},"12":{"name":"promiseChain","decl":{"start":{"line":116,"column":16},"end":{"line":116,"column":28}},"loc":{"start":{"line":116,"column":91},"end":{"line":126,"column":1}}},"13":{"name":"(anonymous_20)","decl":{"start":{"line":117,"column":24},"end":{"line":117,"column":25}},"loc":{"start":{"line":119,"column":8},"end":{"line":123,"column":11}}},"14":{"name":"(anonymous_21)","decl":{"start":{"line":119,"column":19},"end":{"line":119,"column":20}},"loc":{"start":{"line":119,"column":37},"end":{"line":123,"column":10}}},"15":{"name":"(anonymous_22)","decl":{"start":{"line":119,"column":74},"end":{"line":119,"column":75}},"loc":{"start":{"line":119,"column":82},"end":{"line":123,"column":9}}}},"branchMap":{"0":{"loc":{"start":{"line":68,"column":21},"end":{"line":68,"column":24}},"type":"default-arg","locations":[{"start":{"line":68,"column":21},"end":{"line":68,"column":24}}]},"1":{"loc":{"start":{"line":68,"column":40},"end":{"line":68,"column":42}},"type":"default-arg","locations":[{"start":{"line":68,"column":40},"end":{"line":68,"column":42}}]},"2":{"loc":{"start":{"line":84,"column":8},"end":{"line":84,"column":67}},"type":"if","locations":[{"start":{"line":84,"column":8},"end":{"line":84,"column":67}},{"start":{"line":84,"column":8},"end":{"line":84,"column":67}}]},"3":{"loc":{"start":{"line":91,"column":16},"end":{"line":95,"column":17}},"type":"if","locations":[{"start":{"line":91,"column":16},"end":{"line":95,"column":17}},{"start":{"line":91,"column":16},"end":{"line":95,"column":17}}]},"4":{"loc":{"start":{"line":91,"column":20},"end":{"line":91,"column":42}},"type":"binary-expr","locations":[{"start":{"line":91,"column":20},"end":{"line":91,"column":42}},{"start":{"line":91,"column":46},"end":{"line":91,"column":83}}]},"5":{"loc":{"start":{"line":116,"column":89},"end":{"line":116,"column":91}},"type":"default-arg","locations":[{"start":{"line":116,"column":89},"end":{"line":116,"column":91}}]}},"s":{"0":1,"1":1,"2":1,"3":18,"4":18,"5":18,"6":18,"7":1,"8":1,"9":1,"10":1,"11":1,"12":1,"13":1,"14":1,"15":1,"16":5,"17":5,"18":1,"19":5,"20":5,"21":5,"22":5,"23":5,"24":5,"25":22,"26":5,"27":17,"28":5,"29":5,"30":5,"31":5,"32":5,"33":5,"34":1,"35":1,"36":3,"37":3,"38":3,"39":3,"40":1},"f":{"0":1,"1":1,"2":18,"3":18,"4":18,"5":18,"6":1,"7":1,"8":1,"9":5,"10":5,"11":22,"12":1,"13":3,"14":3,"15":3},"b":{"0":[0],"1":[0],"2":[1,4],"3":[5,17],"4":[22,22],"5":[1]}}
,"/Users/sth1pal/Documents/Development/JavaScript/nodejs/ts6/dev/hsLibs/standalone/hsUtil/src/log.ts": {"path":"/Users/sth1pal/Documents/Development/JavaScript/nodejs/ts6/dev/hsLibs/standalone/hsUtil/src/log.ts","statementMap":{"0":{"start":{"line":80,"column":0},"end":{"line":80,"column":33}},"1":{"start":{"line":83,"column":14},"end":{"line":83,"column":29}},"2":{"start":{"line":86,"column":15},"end":{"line":86,"column":29}},"3":{"start":{"line":89,"column":15},"end":{"line":89,"column":29}},"4":{"start":{"line":92,"column":15},"end":{"line":92,"column":30}},"5":{"start":{"line":104,"column":16},"end":{"line":109,"column":1}},"6":{"start":{"line":112,"column":29},"end":{"line":112,"column":42}},"7":{"start":{"line":115,"column":22},"end":{"line":115,"column":52}},"8":{"start":{"line":116,"column":22},"end":{"line":116,"column":35}},"9":{"start":{"line":119,"column":14},"end":{"line":119,"column":19}},"10":{"start":{"line":122,"column":14},"end":{"line":129,"column":1}},"11":{"start":{"line":262,"column":13},"end":{"line":266,"column":2}},"12":{"start":{"line":263,"column":53},"end":{"line":263,"column":79}},"13":{"start":{"line":265,"column":37},"end":{"line":265,"column":88}},"14":{"start":{"line":269,"column":20},"end":{"line":274,"column":5}},"15":{"start":{"line":277,"column":23},"end":{"line":277,"column":59}},"16":{"start":{"line":278,"column":23},"end":{"line":278,"column":52}},"17":{"start":{"line":279,"column":8},"end":{"line":290,"column":9}},"18":{"start":{"line":280,"column":12},"end":{"line":280,"column":32}},"19":{"start":{"line":281,"column":15},"end":{"line":290,"column":9}},"20":{"start":{"line":282,"column":12},"end":{"line":282,"column":38}},"21":{"start":{"line":283,"column":15},"end":{"line":290,"column":9}},"22":{"start":{"line":284,"column":12},"end":{"line":285,"column":61}},"23":{"start":{"line":284,"column":34},"end":{"line":284,"column":58}},"24":{"start":{"line":285,"column":34},"end":{"line":285,"column":59}},"25":{"start":{"line":286,"column":24},"end":{"line":286,"column":152}},"26":{"start":{"line":287,"column":12},"end":{"line":287,"column":67}},"27":{"start":{"line":289,"column":12},"end":{"line":289,"column":111}},"28":{"start":{"line":291,"column":8},"end":{"line":291,"column":28}},"29":{"start":{"line":294,"column":67},"end":{"line":294,"column":106}},"30":{"start":{"line":295,"column":66},"end":{"line":295,"column":104}},"31":{"start":{"line":296,"column":66},"end":{"line":296,"column":104}},"32":{"start":{"line":297,"column":67},"end":{"line":297,"column":106}},"33":{"start":{"line":300,"column":8},"end":{"line":301,"column":54}},"34":{"start":{"line":300,"column":31},"end":{"line":300,"column":59}},"35":{"start":{"line":301,"column":13},"end":{"line":301,"column":54}},"36":{"start":{"line":301,"column":31},"end":{"line":301,"column":52}},"37":{"start":{"line":302,"column":8},"end":{"line":302,"column":27}},"38":{"start":{"line":306,"column":8},"end":{"line":306,"column":42}},"39":{"start":{"line":306,"column":19},"end":{"line":306,"column":40}},"40":{"start":{"line":307,"column":8},"end":{"line":307,"column":30}},"41":{"start":{"line":311,"column":23},"end":{"line":311,"column":131}},"42":{"start":{"line":312,"column":19},"end":{"line":312,"column":31}},"43":{"start":{"line":313,"column":28},"end":{"line":313,"column":57}},"44":{"start":{"line":314,"column":8},"end":{"line":324,"column":9}},"45":{"start":{"line":315,"column":28},"end":{"line":315,"column":45}},"46":{"start":{"line":316,"column":23},"end":{"line":316,"column":71}},"47":{"start":{"line":317,"column":49},"end":{"line":317,"column":100}},"48":{"start":{"line":318,"column":30},"end":{"line":318,"column":115}},"49":{"start":{"line":319,"column":12},"end":{"line":319,"column":54}},"50":{"start":{"line":320,"column":12},"end":{"line":320,"column":61}},"51":{"start":{"line":320,"column":36},"end":{"line":320,"column":59}},"52":{"start":{"line":321,"column":12},"end":{"line":323,"column":13}},"53":{"start":{"line":322,"column":16},"end":{"line":322,"column":72}},"54":{"start":{"line":325,"column":8},"end":{"line":325,"column":25}},"55":{"start":{"line":329,"column":8},"end":{"line":351,"column":9}},"56":{"start":{"line":330,"column":12},"end":{"line":330,"column":33}},"57":{"start":{"line":331,"column":12},"end":{"line":331,"column":51}},"58":{"start":{"line":332,"column":15},"end":{"line":351,"column":9}},"59":{"start":{"line":333,"column":12},"end":{"line":333,"column":34}},"60":{"start":{"line":334,"column":15},"end":{"line":351,"column":9}},"61":{"start":{"line":335,"column":12},"end":{"line":347,"column":19}},"62":{"start":{"line":336,"column":47},"end":{"line":343,"column":17}},"63":{"start":{"line":337,"column":20},"end":{"line":340,"column":21}},"64":{"start":{"line":338,"column":24},"end":{"line":338,"column":45}},"65":{"start":{"line":339,"column":24},"end":{"line":339,"column":93}},"66":{"start":{"line":341,"column":20},"end":{"line":341,"column":36}},"67":{"start":{"line":342,"column":20},"end":{"line":342,"column":75}},"68":{"start":{"line":344,"column":34},"end":{"line":347,"column":17}},"69":{"start":{"line":345,"column":20},"end":{"line":345,"column":41}},"70":{"start":{"line":346,"column":20},"end":{"line":346,"column":82}},"71":{"start":{"line":348,"column":15},"end":{"line":351,"column":9}},"72":{"start":{"line":349,"column":12},"end":{"line":349,"column":43}},"73":{"start":{"line":352,"column":8},"end":{"line":352,"column":22}},"74":{"start":{"line":353,"column":8},"end":{"line":353,"column":98}},"75":{"start":{"line":357,"column":8},"end":{"line":357,"column":61}},"76":{"start":{"line":357,"column":38},"end":{"line":357,"column":59}},"77":{"start":{"line":358,"column":8},"end":{"line":358,"column":59}},"78":{"start":{"line":358,"column":38},"end":{"line":358,"column":57}},"79":{"start":{"line":359,"column":8},"end":{"line":359,"column":57}},"80":{"start":{"line":359,"column":38},"end":{"line":359,"column":55}},"81":{"start":{"line":363,"column":8},"end":{"line":363,"column":56}},"82":{"start":{"line":363,"column":42},"end":{"line":363,"column":54}},"83":{"start":{"line":364,"column":8},"end":{"line":364,"column":58}},"84":{"start":{"line":364,"column":42},"end":{"line":364,"column":56}},"85":{"start":{"line":365,"column":8},"end":{"line":365,"column":63}},"86":{"start":{"line":365,"column":42},"end":{"line":365,"column":61}},"87":{"start":{"line":366,"column":8},"end":{"line":366,"column":62}},"88":{"start":{"line":366,"column":42},"end":{"line":366,"column":60}},"89":{"start":{"line":367,"column":8},"end":{"line":367,"column":62}},"90":{"start":{"line":367,"column":42},"end":{"line":367,"column":60}},"91":{"start":{"line":368,"column":8},"end":{"line":374,"column":9}},"92":{"start":{"line":369,"column":12},"end":{"line":369,"column":80}},"93":{"start":{"line":369,"column":27},"end":{"line":369,"column":78}},"94":{"start":{"line":370,"column":12},"end":{"line":370,"column":136}},"95":{"start":{"line":370,"column":44},"end":{"line":370,"column":134}},"96":{"start":{"line":370,"column":72},"end":{"line":370,"column":118}},"97":{"start":{"line":371,"column":12},"end":{"line":373,"column":45}},"98":{"start":{"line":371,"column":53},"end":{"line":373,"column":14}},"99":{"start":{"line":375,"column":8},"end":{"line":375,"column":30}},"100":{"start":{"line":378,"column":23},"end":{"line":380,"column":5}},"101":{"start":{"line":379,"column":8},"end":{"line":379,"column":53}},"102":{"start":{"line":381,"column":4},"end":{"line":381,"column":28}},"103":{"start":{"line":382,"column":4},"end":{"line":382,"column":27}},"104":{"start":{"line":383,"column":4},"end":{"line":383,"column":27}},"105":{"start":{"line":384,"column":4},"end":{"line":384,"column":28}},"106":{"start":{"line":385,"column":4},"end":{"line":385,"column":28}},"107":{"start":{"line":386,"column":4},"end":{"line":386,"column":28}},"108":{"start":{"line":387,"column":4},"end":{"line":387,"column":27}},"109":{"start":{"line":388,"column":4},"end":{"line":388,"column":27}},"110":{"start":{"line":389,"column":4},"end":{"line":389,"column":28}},"111":{"start":{"line":390,"column":4},"end":{"line":390,"column":29}},"112":{"start":{"line":391,"column":4},"end":{"line":391,"column":29}},"113":{"start":{"line":392,"column":4},"end":{"line":392,"column":26}},"114":{"start":{"line":393,"column":4},"end":{"line":393,"column":30}},"115":{"start":{"line":394,"column":4},"end":{"line":394,"column":29}},"116":{"start":{"line":395,"column":4},"end":{"line":395,"column":30}},"117":{"start":{"line":396,"column":4},"end":{"line":396,"column":18}}},"fnMap":{"0":{"name":"(anonymous_6)","decl":{"start":{"line":263,"column":4},"end":{"line":263,"column":5}},"loc":{"start":{"line":263,"column":53},"end":{"line":263,"column":79}}},"1":{"name":"(anonymous_7)","decl":{"start":{"line":265,"column":4},"end":{"line":265,"column":5}},"loc":{"start":{"line":265,"column":37},"end":{"line":265,"column":88}}},"2":{"name":"create","decl":{"start":{"line":268,"column":9},"end":{"line":268,"column":15}},"loc":{"start":{"line":268,"column":68},"end":{"line":397,"column":1}}},"3":{"name":"level","decl":{"start":{"line":276,"column":13},"end":{"line":276,"column":18}},"loc":{"start":{"line":276,"column":60},"end":{"line":292,"column":5}}},"4":{"name":"debug","decl":{"start":{"line":294,"column":19},"end":{"line":294,"column":24}},"loc":{"start":{"line":294,"column":47},"end":{"line":294,"column":108}}},"5":{"name":"info","decl":{"start":{"line":295,"column":19},"end":{"line":295,"column":23}},"loc":{"start":{"line":295,"column":46},"end":{"line":295,"column":106}}},"6":{"name":"warn","decl":{"start":{"line":296,"column":19},"end":{"line":296,"column":23}},"loc":{"start":{"line":296,"column":46},"end":{"line":296,"column":106}}},"7":{"name":"error","decl":{"start":{"line":297,"column":19},"end":{"line":297,"column":24}},"loc":{"start":{"line":297,"column":47},"end":{"line":297,"column":108}}},"8":{"name":"format","decl":{"start":{"line":299,"column":13},"end":{"line":299,"column":19}},"loc":{"start":{"line":299,"column":34},"end":{"line":303,"column":5}}},"9":{"name":"prefix","decl":{"start":{"line":305,"column":13},"end":{"line":305,"column":19}},"loc":{"start":{"line":305,"column":31},"end":{"line":308,"column":5}}},"10":{"name":"out","decl":{"start":{"line":310,"column":19},"end":{"line":310,"column":22}},"loc":{"start":{"line":310,"column":57},"end":{"line":326,"column":5}}},"11":{"name":"logFile","decl":{"start":{"line":328,"column":19},"end":{"line":328,"column":26}},"loc":{"start":{"line":328,"column":39},"end":{"line":354,"column":5}}},"12":{"name":"(anonymous_24)","decl":{"start":{"line":336,"column":22},"end":{"line":336,"column":29}},"loc":{"start":{"line":336,"column":47},"end":{"line":343,"column":17}}},"13":{"name":"(anonymous_25)","decl":{"start":{"line":336,"column":47},"end":{"line":null,"column":-1}},"loc":{"start":{"line":336,"column":47},"end":{"line":343,"column":17}}},"14":{"name":"(anonymous_26)","decl":{"start":{"line":344,"column":23},"end":{"line":344,"column":31}},"loc":{"start":{"line":344,"column":34},"end":{"line":347,"column":17}}},"15":{"name":"(anonymous_27)","decl":{"start":{"line":344,"column":34},"end":{"line":null,"column":-1}},"loc":{"start":{"line":344,"column":34},"end":{"line":347,"column":17}}},"16":{"name":"config","decl":{"start":{"line":356,"column":13},"end":{"line":356,"column":19}},"loc":{"start":{"line":356,"column":73},"end":{"line":360,"column":5}}},"17":{"name":"inspect","decl":{"start":{"line":362,"column":13},"end":{"line":362,"column":20}},"loc":{"start":{"line":362,"column":48},"end":{"line":376,"column":5}}},"18":{"name":"(anonymous_30)","decl":{"start":{"line":370,"column":63},"end":{"line":370,"column":64}},"loc":{"start":{"line":370,"column":72},"end":{"line":370,"column":118}}},"19":{"name":"(anonymous_31)","decl":{"start":{"line":371,"column":48},"end":{"line":371,"column":49}},"loc":{"start":{"line":371,"column":53},"end":{"line":373,"column":14}}},"20":{"name":"(anonymous_32)","decl":{"start":{"line":378,"column":23},"end":{"line":378,"column":31}},"loc":{"start":{"line":378,"column":120},"end":{"line":380,"column":5}}}},"branchMap":{"0":{"loc":{"start":{"line":265,"column":75},"end":{"line":265,"column":80}},"type":"cond-expr","locations":[{"start":{"line":265,"column":75},"end":{"line":265,"column":80}},{"start":{"line":265,"column":83},"end":{"line":265,"column":87}}]},"1":{"loc":{"start":{"line":276,"column":55},"end":{"line":276,"column":60}},"type":"default-arg","locations":[{"start":{"line":276,"column":55},"end":{"line":276,"column":60}}]},"2":{"loc":{"start":{"line":277,"column":23},"end":{"line":277,"column":43}},"type":"binary-expr","locations":[{"start":{"line":277,"column":23},"end":{"line":277,"column":43}},{"start":{"line":277,"column":47},"end":{"line":277,"column":59}}]},"3":{"loc":{"start":{"line":278,"column":23},"end":{"line":278,"column":36}},"type":"binary-expr","locations":[{"start":{"line":278,"column":23},"end":{"line":278,"column":36}},{"start":{"line":278,"column":40},"end":{"line":278,"column":52}}]},"4":{"loc":{"start":{"line":279,"column":8},"end":{"line":290,"column":9}},"type":"if","locations":[{"start":{"line":279,"column":8},"end":{"line":290,"column":9}},{"start":{"line":279,"column":8},"end":{"line":290,"column":9}}]},"5":{"loc":{"start":{"line":281,"column":15},"end":{"line":290,"column":9}},"type":"if","locations":[{"start":{"line":281,"column":15},"end":{"line":290,"column":9}},{"start":{"line":281,"column":15},"end":{"line":290,"column":9}}]},"6":{"loc":{"start":{"line":283,"column":15},"end":{"line":290,"column":9}},"type":"if","locations":[{"start":{"line":283,"column":15},"end":{"line":290,"column":9}},{"start":{"line":283,"column":15},"end":{"line":290,"column":9}}]},"7":{"loc":{"start":{"line":284,"column":12},"end":{"line":285,"column":61}},"type":"if","locations":[{"start":{"line":284,"column":12},"end":{"line":285,"column":61}},{"start":{"line":284,"column":12},"end":{"line":285,"column":61}}]},"8":{"loc":{"start":{"line":286,"column":47},"end":{"line":286,"column":55}},"type":"cond-expr","locations":[{"start":{"line":286,"column":47},"end":{"line":286,"column":55}},{"start":{"line":286,"column":58},"end":{"line":286,"column":72}}]},"9":{"loc":{"start":{"line":287,"column":48},"end":{"line":287,"column":53}},"type":"cond-expr","locations":[{"start":{"line":287,"column":48},"end":{"line":287,"column":53}},{"start":{"line":287,"column":56},"end":{"line":287,"column":60}}]},"10":{"loc":{"start":{"line":294,"column":43},"end":{"line":294,"column":47}},"type":"default-arg","locations":[{"start":{"line":294,"column":43},"end":{"line":294,"column":47}}]},"11":{"loc":{"start":{"line":295,"column":42},"end":{"line":295,"column":46}},"type":"default-arg","locations":[{"start":{"line":295,"column":42},"end":{"line":295,"column":46}}]},"12":{"loc":{"start":{"line":296,"column":42},"end":{"line":296,"column":46}},"type":"default-arg","locations":[{"start":{"line":296,"column":42},"end":{"line":296,"column":46}}]},"13":{"loc":{"start":{"line":297,"column":43},"end":{"line":297,"column":47}},"type":"default-arg","locations":[{"start":{"line":297,"column":43},"end":{"line":297,"column":47}}]},"14":{"loc":{"start":{"line":300,"column":8},"end":{"line":301,"column":54}},"type":"if","locations":[{"start":{"line":300,"column":8},"end":{"line":301,"column":54}},{"start":{"line":300,"column":8},"end":{"line":301,"column":54}}]},"15":{"loc":{"start":{"line":301,"column":13},"end":{"line":301,"column":54}},"type":"if","locations":[{"start":{"line":301,"column":13},"end":{"line":301,"column":54}},{"start":{"line":301,"column":13},"end":{"line":301,"column":54}}]},"16":{"loc":{"start":{"line":306,"column":8},"end":{"line":306,"column":42}},"type":"if","locations":[{"start":{"line":306,"column":8},"end":{"line":306,"column":42}},{"start":{"line":306,"column":8},"end":{"line":306,"column":42}}]},"17":{"loc":{"start":{"line":310,"column":53},"end":{"line":310,"column":57}},"type":"default-arg","locations":[{"start":{"line":310,"column":53},"end":{"line":310,"column":57}}]},"18":{"loc":{"start":{"line":313,"column":28},"end":{"line":313,"column":41}},"type":"binary-expr","locations":[{"start":{"line":313,"column":28},"end":{"line":313,"column":41}},{"start":{"line":313,"column":45},"end":{"line":313,"column":57}}]},"19":{"loc":{"start":{"line":314,"column":8},"end":{"line":324,"column":9}},"type":"if","locations":[{"start":{"line":314,"column":8},"end":{"line":324,"column":9}},{"start":{"line":314,"column":8},"end":{"line":324,"column":9}}]},"20":{"loc":{"start":{"line":316,"column":50},"end":{"line":316,"column":53}},"type":"cond-expr","locations":[{"start":{"line":316,"column":50},"end":{"line":316,"column":53}},{"start":{"line":316,"column":56},"end":{"line":316,"column":71}}]},"21":{"loc":{"start":{"line":318,"column":33},"end":{"line":318,"column":44}},"type":"binary-expr","locations":[{"start":{"line":318,"column":33},"end":{"line":318,"column":44}},{"start":{"line":318,"column":46},"end":{"line":318,"column":48}}]},"22":{"loc":{"start":{"line":319,"column":33},"end":{"line":319,"column":42}},"type":"cond-expr","locations":[{"start":{"line":319,"column":33},"end":{"line":319,"column":42}},{"start":{"line":319,"column":45},"end":{"line":319,"column":52}}]},"23":{"loc":{"start":{"line":320,"column":12},"end":{"line":320,"column":61}},"type":"if","locations":[{"start":{"line":320,"column":12},"end":{"line":320,"column":61}},{"start":{"line":320,"column":12},"end":{"line":320,"column":61}}]},"24":{"loc":{"start":{"line":320,"column":16},"end":{"line":320,"column":19}},"type":"binary-expr","locations":[{"start":{"line":320,"column":16},"end":{"line":320,"column":19}},{"start":{"line":320,"column":23},"end":{"line":320,"column":32}}]},"25":{"loc":{"start":{"line":321,"column":12},"end":{"line":323,"column":13}},"type":"if","locations":[{"start":{"line":321,"column":12},"end":{"line":323,"column":13}},{"start":{"line":321,"column":12},"end":{"line":323,"column":13}}]},"26":{"loc":{"start":{"line":321,"column":16},"end":{"line":321,"column":24}},"type":"binary-expr","locations":[{"start":{"line":321,"column":16},"end":{"line":321,"column":24}},{"start":{"line":321,"column":28},"end":{"line":321,"column":36}}]},"27":{"loc":{"start":{"line":329,"column":8},"end":{"line":351,"column":9}},"type":"if","locations":[{"start":{"line":329,"column":8},"end":{"line":351,"column":9}},{"start":{"line":329,"column":8},"end":{"line":351,"column":9}}]},"28":{"loc":{"start":{"line":332,"column":15},"end":{"line":351,"column":9}},"type":"if","locations":[{"start":{"line":332,"column":15},"end":{"line":351,"column":9}},{"start":{"line":332,"column":15},"end":{"line":351,"column":9}}]},"29":{"loc":{"start":{"line":334,"column":15},"end":{"line":351,"column":9}},"type":"if","locations":[{"start":{"line":334,"column":15},"end":{"line":351,"column":9}},{"start":{"line":334,"column":15},"end":{"line":351,"column":9}}]},"30":{"loc":{"start":{"line":337,"column":20},"end":{"line":340,"column":21}},"type":"if","locations":[{"start":{"line":337,"column":20},"end":{"line":340,"column":21}},{"start":{"line":337,"column":20},"end":{"line":340,"column":21}}]},"31":{"loc":{"start":{"line":348,"column":15},"end":{"line":351,"column":9}},"type":"if","locations":[{"start":{"line":348,"column":15},"end":{"line":351,"column":9}},{"start":{"line":348,"column":15},"end":{"line":351,"column":9}}]},"32":{"loc":{"start":{"line":353,"column":36},"end":{"line":353,"column":75}},"type":"cond-expr","locations":[{"start":{"line":353,"column":36},"end":{"line":353,"column":75}},{"start":{"line":353,"column":78},"end":{"line":353,"column":96}}]},"33":{"loc":{"start":{"line":357,"column":8},"end":{"line":357,"column":61}},"type":"if","locations":[{"start":{"line":357,"column":8},"end":{"line":357,"column":61}},{"start":{"line":357,"column":8},"end":{"line":357,"column":61}}]},"34":{"loc":{"start":{"line":358,"column":8},"end":{"line":358,"column":59}},"type":"if","locations":[{"start":{"line":358,"column":8},"end":{"line":358,"column":59}},{"start":{"line":358,"column":8},"end":{"line":358,"column":59}}]},"35":{"loc":{"start":{"line":359,"column":8},"end":{"line":359,"column":57}},"type":"if","locations":[{"start":{"line":359,"column":8},"end":{"line":359,"column":57}},{"start":{"line":359,"column":8},"end":{"line":359,"column":57}}]},"36":{"loc":{"start":{"line":362,"column":36},"end":{"line":362,"column":37}},"type":"default-arg","locations":[{"start":{"line":362,"column":36},"end":{"line":362,"column":37}}]},"37":{"loc":{"start":{"line":362,"column":46},"end":{"line":362,"column":48}},"type":"default-arg","locations":[{"start":{"line":362,"column":46},"end":{"line":362,"column":48}}]},"38":{"loc":{"start":{"line":363,"column":8},"end":{"line":363,"column":56}},"type":"if","locations":[{"start":{"line":363,"column":8},"end":{"line":363,"column":56}},{"start":{"line":363,"column":8},"end":{"line":363,"column":56}}]},"39":{"loc":{"start":{"line":364,"column":8},"end":{"line":364,"column":58}},"type":"if","locations":[{"start":{"line":364,"column":8},"end":{"line":364,"column":58}},{"start":{"line":364,"column":8},"end":{"line":364,"column":58}}]},"40":{"loc":{"start":{"line":365,"column":8},"end":{"line":365,"column":63}},"type":"if","locations":[{"start":{"line":365,"column":8},"end":{"line":365,"column":63}},{"start":{"line":365,"column":8},"end":{"line":365,"column":63}}]},"41":{"loc":{"start":{"line":366,"column":8},"end":{"line":366,"column":62}},"type":"if","locations":[{"start":{"line":366,"column":8},"end":{"line":366,"column":62}},{"start":{"line":366,"column":8},"end":{"line":366,"column":62}}]},"42":{"loc":{"start":{"line":367,"column":8},"end":{"line":367,"column":62}},"type":"if","locations":[{"start":{"line":367,"column":8},"end":{"line":367,"column":62}},{"start":{"line":367,"column":8},"end":{"line":367,"column":62}}]},"43":{"loc":{"start":{"line":368,"column":8},"end":{"line":374,"column":9}},"type":"if","locations":[{"start":{"line":368,"column":8},"end":{"line":374,"column":9}},{"start":{"line":368,"column":8},"end":{"line":374,"column":9}}]},"44":{"loc":{"start":{"line":369,"column":12},"end":{"line":369,"column":80}},"type":"if","locations":[{"start":{"line":369,"column":12},"end":{"line":369,"column":80}},{"start":{"line":369,"column":12},"end":{"line":369,"column":80}}]},"45":{"loc":{"start":{"line":369,"column":60},"end":{"line":369,"column":67}},"type":"cond-expr","locations":[{"start":{"line":369,"column":60},"end":{"line":369,"column":67}},{"start":{"line":369,"column":70},"end":{"line":369,"column":77}}]},"46":{"loc":{"start":{"line":370,"column":12},"end":{"line":370,"column":136}},"type":"if","locations":[{"start":{"line":370,"column":12},"end":{"line":370,"column":136}},{"start":{"line":370,"column":12},"end":{"line":370,"column":136}}]},"47":{"loc":{"start":{"line":370,"column":88},"end":{"line":370,"column":90}},"type":"cond-expr","locations":[{"start":{"line":370,"column":88},"end":{"line":370,"column":90}},{"start":{"line":370,"column":91},"end":{"line":370,"column":118}}]},"48":{"loc":{"start":{"line":378,"column":65},"end":{"line":378,"column":82}},"type":"default-arg","locations":[{"start":{"line":378,"column":65},"end":{"line":378,"column":82}}]},"49":{"loc":{"start":{"line":378,"column":102},"end":{"line":378,"column":120}},"type":"default-arg","locations":[{"start":{"line":378,"column":102},"end":{"line":378,"column":120}}]}},"s":{"0":1,"1":1,"2":1,"3":1,"4":1,"5":1,"6":1,"7":1,"8":1,"9":1,"10":1,"11":1,"12":3,"13":1,"14":2,"15":58,"16":58,"17":58,"18":11,"19":47,"20":4,"21":43,"22":42,"23":4,"24":38,"25":42,"26":42,"27":1,"28":58,"29":2,"30":12,"31":3,"32":1,"33":8,"34":5,"35":3,"36":2,"37":8,"38":34,"39":33,"40":34,"41":61,"42":61,"43":61,"44":61,"45":33,"46":33,"47":33,"48":33,"49":33,"50":33,"51":0,"52":33,"53":3,"54":58,"55":10,"56":1,"57":1,"58":9,"59":5,"60":4,"61":1,"62":1,"63":1,"64":1,"65":1,"66":0,"67":0,"68":0,"69":0,"70":0,"71":3,"72":1,"73":3,"74":3,"75":3,"76":1,"77":3,"78":1,"79":3,"80":1,"81":21,"82":7,"83":21,"84":2,"85":19,"86":1,"87":18,"88":2,"89":16,"90":4,"91":12,"92":11,"93":2,"94":9,"95":3,"96":3,"97":6,"98":10,"99":1,"100":2,"101":1,"102":2,"103":2,"104":2,"105":2,"106":2,"107":2,"108":2,"109":2,"110":2,"111":2,"112":2,"113":2,"114":2,"115":2,"116":2,"117":2},"f":{"0":3,"1":1,"2":2,"3":58,"4":2,"5":12,"6":3,"7":1,"8":8,"9":34,"10":61,"11":10,"12":1,"13":1,"14":0,"15":0,"16":3,"17":21,"18":3,"19":10,"20":1},"b":{"0":[1,0],"1":[54],"2":[58,16],"3":[58,7],"4":[11,47],"5":[4,43],"6":[42,1],"7":[4,38],"8":[4,38],"9":[26,16],"10":[2],"11":[12],"12":[3],"13":[1],"14":[5,3],"15":[2,1],"16":[33,1],"17":[43],"18":[61,3],"19":[33,28],"20":[32,1],"21":[33,0],"22":[0,33],"23":[0,33],"24":[33,33],"25":[3,30],"26":[33,3],"27":[1,9],"28":[5,4],"29":[1,3],"30":[1,0],"31":[1,2],"32":[3,0],"33":[1,2],"34":[1,2],"35":[1,2],"36":[0],"37":[9],"38":[7,14],"39":[2,19],"40":[1,18],"41":[2,16],"42":[4,12],"43":[11,1],"44":[2,9],"45":[2,0],"46":[3,6],"47":[1,2],"48":[1],"49":[1]}}
}
