TN:
SF:/Users/sth1pal/Documents/Development/JavaScript/nodejs/ts6/dev/hsLibs/standalone/hsUtil/src/Checksum.ts
FN:9,shortCheckSum
FNF:1
FNH:1
FNDA:1,shortCheckSum
DA:9,1
DA:10,1
DA:11,1
DA:12,1
DA:13,27
DA:15,1
LF:6
LH:6
BRF:0
BRH:0
end_of_record
TN:
SF:/Users/sth1pal/Documents/Development/JavaScript/nodejs/ts6/dev/hsLibs/standalone/hsUtil/src/Date.ts
FN:25,formatNumber
FN:43,date
FN:69,(anonymous_2)
FN:70,(anonymous_3)
FN:71,(anonymous_4)
FN:72,(anonymous_5)
FN:73,(anonymous_6)
FN:74,(anonymous_7)
FN:75,(anonymous_8)
FN:76,(anonymous_9)
FNF:10
FNH:10
FNDA:400,formatNumber
FNDA:52,date
FNDA:1,(anonymous_2)
FNDA:1,(anonymous_3)
FNDA:1,(anonymous_4)
FNDA:1,(anonymous_5)
FNDA:1,(anonymous_6)
FNDA:1,(anonymous_7)
FNDA:1,(anonymous_8)
FNDA:1,(anonymous_9)
DA:16,2
DA:21,2
DA:26,400
DA:27,400
DA:28,400
DA:43,2
DA:44,52
DA:68,2
DA:69,1
DA:70,1
DA:71,1
DA:72,1
DA:73,1
DA:74,1
DA:75,1
DA:76,1
LF:16
LH:16
BRDA:43,0,0,46
BRDA:45,1,0,2
BRDA:45,1,1,50
BRDA:44,2,0,52
BRDA:44,2,1,50
BRF:5
BRH:5
end_of_record
TN:
SF:/Users/sth1pal/Documents/Development/JavaScript/nodejs/ts6/dev/hsLibs/standalone/hsUtil/src/Number.ts
FN:12,round
FNF:1
FNH:1
FNDA:4,round
DA:12,1
DA:19,4
DA:20,4
DA:21,4
LF:4
LH:4
BRDA:12,0,0,2
BRF:1
BRH:1
end_of_record
TN:
SF:/Users/sth1pal/Documents/Development/JavaScript/nodejs/ts6/dev/hsLibs/standalone/hsUtil/src/log.ts
FN:260,(anonymous_0)
FN:262,(anonymous_1)
FN:265,create
FN:273,level
FN:291,debug
FN:292,info
FN:293,warn
FN:294,error
FN:296,format
FN:302,prefix
FN:307,out
FN:325,logFile
FN:333,(anonymous_12)
FN:341,(anonymous_13)
FN:353,config
FN:360,inspect
FN:368,(anonymous_16)
FN:369,(anonymous_17)
FN:376,(anonymous_18)
FNF:19
FNH:18
FNDA:3,(anonymous_0)
FNDA:1,(anonymous_1)
FNDA:2,create
FNDA:57,level
FNDA:2,debug
FNDA:11,info
FNDA:3,warn
FNDA:1,error
FNDA:8,format
FNDA:33,prefix
FNDA:59,out
FNDA:10,logFile
FNDA:1,(anonymous_12)
FNDA:0,(anonymous_13)
FNDA:3,config
FNDA:18,inspect
FNDA:3,(anonymous_16)
FNDA:8,(anonymous_17)
FNDA:1,(anonymous_18)
DA:77,1
DA:80,1
DA:83,1
DA:86,1
DA:89,1
DA:101,1
DA:109,1
DA:112,1
DA:113,1
DA:116,1
DA:119,1
DA:259,1
DA:260,3
DA:262,1
DA:266,2
DA:274,57
DA:275,57
DA:276,57
DA:277,11
DA:278,46
DA:279,4
DA:280,42
DA:281,41
DA:282,37
DA:283,41
DA:284,41
DA:286,1
DA:288,57
DA:291,2
DA:292,11
DA:293,3
DA:294,1
DA:297,8
DA:298,3
DA:299,8
DA:303,33
DA:304,33
DA:308,59
DA:309,59
DA:310,59
DA:311,59
DA:312,32
DA:313,32
DA:314,32
DA:315,32
DA:316,32
DA:317,32
DA:318,32
DA:319,3
DA:322,56
DA:326,10
DA:327,1
DA:328,1
DA:329,9
DA:330,5
DA:331,4
DA:332,1
DA:334,1
DA:335,1
DA:336,1
DA:338,0
DA:339,0
DA:342,0
DA:343,0
DA:345,3
DA:346,1
DA:349,3
DA:350,3
DA:354,3
DA:355,3
DA:356,3
DA:357,3
DA:361,18
DA:362,18
DA:363,16
DA:364,15
DA:365,13
DA:366,10
DA:367,9
DA:368,8
DA:369,8
DA:373,1
DA:376,2
DA:377,1
DA:379,2
DA:380,2
DA:381,2
DA:382,2
DA:383,2
DA:384,2
DA:385,2
DA:386,2
DA:387,2
DA:388,2
DA:389,2
DA:390,2
DA:391,2
DA:392,2
DA:393,2
DA:394,2
LF:100
LH:96
BRDA:262,0,0,1
BRDA:262,0,1,0
BRDA:273,1,0,53
BRDA:274,2,0,57
BRDA:274,2,1,16
BRDA:275,3,0,57
BRDA:275,3,1,7
BRDA:276,4,0,11
BRDA:276,4,1,46
BRDA:278,5,0,4
BRDA:278,5,1,42
BRDA:280,6,0,41
BRDA:280,6,1,1
BRDA:281,7,0,4
BRDA:281,7,1,37
BRDA:283,8,0,4
BRDA:283,8,1,37
BRDA:284,9,0,25
BRDA:284,9,1,16
BRDA:291,10,0,2
BRDA:292,11,0,11
BRDA:293,12,0,3
BRDA:294,13,0,1
BRDA:297,14,0,5
BRDA:297,14,1,3
BRDA:298,15,0,2
BRDA:298,15,1,1
BRDA:303,16,0,32
BRDA:303,16,1,1
BRDA:307,17,0,42
BRDA:310,18,0,59
BRDA:310,18,1,3
BRDA:311,19,0,32
BRDA:311,19,1,27
BRDA:313,20,0,32
BRDA:313,20,1,0
BRDA:315,21,0,32
BRDA:315,21,1,0
BRDA:316,22,0,32
BRDA:316,22,1,0
BRDA:317,23,0,0
BRDA:317,23,1,32
BRDA:317,24,0,32
BRDA:317,24,1,32
BRDA:318,25,0,3
BRDA:318,25,1,29
BRDA:318,26,0,32
BRDA:318,26,1,3
BRDA:326,27,0,1
BRDA:326,27,1,9
BRDA:329,28,0,5
BRDA:329,28,1,4
BRDA:331,29,0,1
BRDA:331,29,1,3
BRDA:334,30,0,1
BRDA:334,30,1,0
BRDA:345,31,0,1
BRDA:345,31,1,2
BRDA:350,32,0,3
BRDA:350,32,1,0
BRDA:355,33,0,1
BRDA:355,33,1,2
BRDA:356,34,0,1
BRDA:356,34,1,2
BRDA:357,35,0,1
BRDA:357,35,1,2
BRDA:360,36,0,0
BRDA:360,37,0,8
BRDA:361,38,0,7
BRDA:361,38,1,11
BRDA:362,39,0,2
BRDA:362,39,1,16
BRDA:363,40,0,1
BRDA:363,40,1,15
BRDA:364,41,0,2
BRDA:364,41,1,13
BRDA:365,42,0,3
BRDA:365,42,1,10
BRDA:366,43,0,9
BRDA:366,43,1,1
BRDA:367,44,0,1
BRDA:367,44,1,8
BRDA:367,45,0,1
BRDA:367,45,1,0
BRDA:368,46,0,3
BRDA:368,46,1,5
BRDA:368,47,0,1
BRDA:368,47,1,2
BRDA:376,48,0,1
BRDA:376,49,0,1
BRF:90
BRH:81
end_of_record
TN:
SF:/Users/sth1pal/Documents/Development/JavaScript/nodejs/ts6/dev/hsLibs/standalone/hsUtil/src/promises.ts
FN:12,timeout
FN:13,(anonymous_1)
FN:37,delay
FN:38,(anonymous_3)
FN:39,(anonymous_4)
FN:40,(anonymous_5)
FN:66,(anonymous_6)
FN:70,(anonymous_7)
FN:71,(anonymous_8)
FN:79,(anonymous_9)
FN:85,(anonymous_10)
FN:90,(anonymous_11)
FN:105,promiseChain
FN:106,(anonymous_13)
FN:108,(anonymous_14)
FN:108,(anonymous_15)
FNF:16
FNH:16
FNDA:1,timeout
FNDA:1,(anonymous_1)
FNDA:13,delay
FNDA:13,(anonymous_3)
FNDA:13,(anonymous_4)
FNDA:13,(anonymous_5)
FNDA:1,(anonymous_6)
FNDA:1,(anonymous_7)
FNDA:1,(anonymous_8)
FNDA:5,(anonymous_9)
FNDA:5,(anonymous_10)
FNDA:5,(anonymous_11)
FNDA:1,promiseChain
FNDA:3,(anonymous_13)
FNDA:3,(anonymous_14)
FNDA:3,(anonymous_15)
DA:12,1
DA:13,1
DA:37,1
DA:38,13
DA:39,13
DA:40,13
DA:56,1
DA:58,1
DA:59,1
DA:60,1
DA:67,1
DA:70,1
DA:71,1
DA:80,5
DA:81,5
DA:82,5
DA:83,5
DA:84,5
DA:85,5
DA:86,5
DA:87,5
DA:88,5
DA:91,5
DA:92,5
DA:105,1
DA:106,1
DA:108,3
DA:110,3
DA:111,3
LF:29
LH:29
BRDA:66,0,0,1
BRDA:81,1,0,1
BRDA:81,1,1,4
BRDA:105,2,0,1
BRF:4
BRH:4
end_of_record
TN:
SF:/Users/sth1pal/Documents/Development/JavaScript/nodejs/ts6/dev/hsLibs/standalone/hsUtil/src/showdown.ts
FN:9,markDown
FNF:1
FNH:1
FNDA:1,markDown
DA:1,1
DA:3,1
DA:9,1
DA:10,1
LF:4
LH:4
BRF:0
BRH:0
end_of_record
