TN:
SF:/Users/sth1pal/Documents/Development/JavaScript/nodejs/ts6/dev/hsLibs/standalone/hsUtil/src/Checksum.ts
FN:9,shortCheckSum
FNF:1
FNH:1
FNDA:1,shortCheckSum
DA:9,1
DA:10,1
DA:11,1
DA:12,1
DA:13,27
DA:15,1
LF:6
LH:6
BRF:0
BRH:0
end_of_record
TN:
SF:/Users/sth1pal/Documents/Development/JavaScript/nodejs/ts6/dev/hsLibs/standalone/hsUtil/src/Date.ts
FN:25,formatNumber
FN:43,date
FN:69,(anonymous_2)
FN:70,(anonymous_3)
FN:71,(anonymous_4)
FN:72,(anonymous_5)
FN:73,(anonymous_6)
FN:74,(anonymous_7)
FN:75,(anonymous_8)
FN:76,(anonymous_9)
FNF:10
FNH:10
FNDA:408,formatNumber
FNDA:53,date
FNDA:1,(anonymous_2)
FNDA:1,(anonymous_3)
FNDA:1,(anonymous_4)
FNDA:1,(anonymous_5)
FNDA:1,(anonymous_6)
FNDA:1,(anonymous_7)
FNDA:1,(anonymous_8)
FNDA:1,(anonymous_9)
DA:16,2
DA:21,2
DA:26,408
DA:27,408
DA:28,408
DA:43,2
DA:44,53
DA:68,2
DA:69,1
DA:70,1
DA:71,1
DA:72,1
DA:73,1
DA:74,1
DA:75,1
DA:76,1
LF:16
LH:16
BRDA:43,0,0,47
BRDA:45,1,0,2
BRDA:45,1,1,51
BRDA:44,2,0,53
BRDA:44,2,1,51
BRF:5
BRH:5
end_of_record
TN:
SF:/Users/sth1pal/Documents/Development/JavaScript/nodejs/ts6/dev/hsLibs/standalone/hsUtil/src/Number.ts
FN:12,round
FNF:1
FNH:1
FNDA:4,round
DA:12,1
DA:19,4
DA:20,4
DA:21,4
LF:4
LH:4
BRDA:12,0,0,2
BRF:1
BRH:1
end_of_record
TN:
SF:/Users/sth1pal/Documents/Development/JavaScript/nodejs/ts6/dev/hsLibs/standalone/hsUtil/src/TimedPromises.ts
FN:12,timeout
FN:13,(anonymous_7)
FN:37,delay
FN:38,(anonymous_9)
FN:39,(anonymous_10)
FN:40,(anonymous_11)
FN:68,(anonymous_12)
FN:73,(anonymous_13)
FN:74,(anonymous_14)
FN:82,(anonymous_15)
FN:89,(anonymous_17)
FN:90,(anonymous_18)
FN:116,promiseChain
FN:117,(anonymous_20)
FN:119,(anonymous_21)
FN:119,(anonymous_22)
FNF:16
FNH:16
FNDA:1,timeout
FNDA:1,(anonymous_7)
FNDA:18,delay
FNDA:18,(anonymous_9)
FNDA:18,(anonymous_10)
FNDA:18,(anonymous_11)
FNDA:1,(anonymous_12)
FNDA:1,(anonymous_13)
FNDA:1,(anonymous_14)
FNDA:5,(anonymous_15)
FNDA:5,(anonymous_17)
FNDA:19,(anonymous_18)
FNDA:1,promiseChain
FNDA:3,(anonymous_20)
FNDA:3,(anonymous_21)
FNDA:3,(anonymous_22)
DA:12,1
DA:13,1
DA:37,1
DA:38,18
DA:39,18
DA:40,18
DA:56,1
DA:57,1
DA:59,1
DA:60,1
DA:61,1
DA:69,1
DA:70,1
DA:73,1
DA:74,1
DA:83,5
DA:84,5
DA:85,5
DA:86,5
DA:87,5
DA:88,5
DA:89,5
DA:90,5
DA:91,19
DA:92,5
DA:94,14
DA:97,5
DA:99,5
DA:100,5
DA:101,5
DA:102,5
DA:103,5
DA:116,1
DA:117,1
DA:119,3
DA:121,3
DA:122,3
LF:37
LH:37
BRDA:68,0,0,0
BRDA:68,1,0,0
BRDA:84,2,0,1
BRDA:84,2,1,4
BRDA:91,3,0,5
BRDA:91,3,1,14
BRDA:91,4,0,19
BRDA:91,4,1,19
BRDA:116,5,0,1
BRF:9
BRH:7
end_of_record
TN:
SF:/Users/sth1pal/Documents/Development/JavaScript/nodejs/ts6/dev/hsLibs/standalone/hsUtil/src/log.ts
FN:271,(anonymous_6)
FN:273,(anonymous_7)
FN:276,create
FN:284,level
FN:302,debug
FN:302,(anonymous_11)
FN:303,info
FN:303,(anonymous_13)
FN:304,warn
FN:304,(anonymous_15)
FN:305,error
FN:305,(anonymous_17)
FN:307,format
FN:313,prefix
FN:318,out
FN:336,logFile
FN:344,(anonymous_24)
FN:344,(anonymous_25)
FN:352,(anonymous_26)
FN:352,(anonymous_27)
FN:364,config
FN:370,inspect
FN:371,_inspect
FN:379,(anonymous_31)
FN:384,(anonymous_32)
FN:394,(anonymous_33)
FNF:26
FNH:24
FNDA:3,(anonymous_6)
FNDA:1,(anonymous_7)
FNDA:2,create
FNDA:52,level
FNDA:2,debug
FNDA:2,(anonymous_11)
FNDA:12,info
FNDA:12,(anonymous_13)
FNDA:3,warn
FNDA:3,(anonymous_15)
FNDA:1,error
FNDA:1,(anonymous_17)
FNDA:8,format
FNDA:28,prefix
FNDA:55,out
FNDA:10,logFile
FNDA:1,(anonymous_24)
FNDA:1,(anonymous_25)
FNDA:0,(anonymous_26)
FNDA:0,(anonymous_27)
FNDA:3,config
FNDA:11,inspect
FNDA:28,_inspect
FNDA:3,(anonymous_31)
FNDA:15,(anonymous_32)
FNDA:1,(anonymous_33)
DA:80,1
DA:83,1
DA:86,1
DA:89,1
DA:92,1
DA:104,1
DA:112,1
DA:115,1
DA:116,1
DA:119,1
DA:122,1
DA:270,1
DA:271,3
DA:273,1
DA:277,2
DA:285,52
DA:286,52
DA:287,52
DA:288,11
DA:289,41
DA:290,4
DA:291,37
DA:292,36
DA:293,32
DA:294,36
DA:295,36
DA:297,1
DA:299,52
DA:302,2
DA:303,12
DA:304,3
DA:305,1
DA:308,8
DA:309,3
DA:310,8
DA:314,28
DA:315,28
DA:319,55
DA:320,55
DA:321,55
DA:322,55
DA:323,33
DA:324,33
DA:325,33
DA:326,33
DA:327,33
DA:328,33
DA:329,33
DA:330,3
DA:333,52
DA:337,10
DA:338,1
DA:339,1
DA:340,9
DA:341,5
DA:342,4
DA:343,1
DA:344,1
DA:345,1
DA:346,1
DA:347,1
DA:349,0
DA:350,0
DA:352,0
DA:353,0
DA:354,0
DA:356,3
DA:357,1
DA:360,3
DA:361,3
DA:365,3
DA:366,3
DA:367,3
DA:372,28
DA:373,26
DA:374,25
DA:375,22
DA:376,16
DA:377,15
DA:378,12
DA:379,3
DA:381,9
DA:382,9
DA:383,9
DA:384,15
DA:388,1
DA:390,11
DA:391,11
DA:394,2
DA:396,2
DA:397,2
DA:398,2
DA:399,2
DA:400,2
DA:401,2
DA:402,2
DA:403,2
DA:404,2
DA:405,2
DA:406,2
DA:407,2
DA:408,2
DA:409,2
DA:410,2
DA:411,2
LF:105
LH:100
BRDA:273,0,0,1
BRDA:273,0,1,0
BRDA:284,1,0,48
BRDA:285,2,0,52
BRDA:285,2,1,16
BRDA:286,3,0,52
BRDA:286,3,1,7
BRDA:287,4,0,11
BRDA:287,4,1,41
BRDA:289,5,0,4
BRDA:289,5,1,37
BRDA:291,6,0,36
BRDA:291,6,1,1
BRDA:292,7,0,4
BRDA:292,7,1,32
BRDA:294,8,0,4
BRDA:294,8,1,32
BRDA:295,9,0,20
BRDA:295,9,1,16
BRDA:302,10,0,2
BRDA:303,11,0,12
BRDA:304,12,0,3
BRDA:305,13,0,1
BRDA:308,14,0,5
BRDA:308,14,1,3
BRDA:309,15,0,2
BRDA:309,15,1,1
BRDA:314,16,0,27
BRDA:314,16,1,1
BRDA:318,17,0,37
BRDA:321,18,0,55
BRDA:321,18,1,3
BRDA:322,19,0,33
BRDA:322,19,1,22
BRDA:324,20,0,32
BRDA:324,20,1,1
BRDA:326,21,0,33
BRDA:326,21,1,0
BRDA:327,22,0,0
BRDA:327,22,1,33
BRDA:328,23,0,0
BRDA:328,23,1,33
BRDA:328,24,0,33
BRDA:328,24,1,33
BRDA:329,25,0,3
BRDA:329,25,1,30
BRDA:329,26,0,33
BRDA:329,26,1,3
BRDA:337,27,0,1
BRDA:337,27,1,9
BRDA:340,28,0,5
BRDA:340,28,1,4
BRDA:342,29,0,1
BRDA:342,29,1,3
BRDA:345,30,0,1
BRDA:345,30,1,0
BRDA:356,31,0,1
BRDA:356,31,1,2
BRDA:361,32,0,3
BRDA:361,32,1,0
BRDA:365,33,0,1
BRDA:365,33,1,2
BRDA:366,34,0,1
BRDA:366,34,1,2
BRDA:367,35,0,1
BRDA:367,35,1,2
BRDA:370,36,0,0
BRDA:370,37,0,9
BRDA:372,38,0,2
BRDA:372,38,1,26
BRDA:373,39,0,1
BRDA:373,39,1,25
BRDA:374,40,0,3
BRDA:374,40,1,22
BRDA:375,41,0,6
BRDA:375,41,1,16
BRDA:376,42,0,15
BRDA:376,42,1,1
BRDA:377,43,0,3
BRDA:377,43,1,12
BRDA:377,44,0,3
BRDA:377,44,1,0
BRDA:378,45,0,3
BRDA:378,45,1,9
BRDA:379,46,0,1
BRDA:379,46,1,2
BRDA:381,47,0,0
BRDA:381,47,1,9
BRDA:383,48,0,0
BRDA:383,48,1,9
BRDA:390,49,0,0
BRDA:390,49,1,11
BRDA:391,50,0,8
BRDA:391,50,1,3
BRDA:394,51,0,1
BRDA:394,52,0,1
BRF:96
BRH:85
end_of_record
