TN:
SF:/Users/sth1pal/Documents/Development/JavaScript/nodejs/ts6/dev/hsLibs/standalone/hsUtil/src/Checksum.ts
FN:9,shortCheckSum
FNF:1
FNH:1
FNDA:1,shortCheckSum
DA:9,1
DA:10,1
DA:11,1
DA:12,1
DA:13,27
DA:15,1
LF:6
LH:6
BRF:0
BRH:0
end_of_record
TN:
SF:/Users/sth1pal/Documents/Development/JavaScript/nodejs/ts6/dev/hsLibs/standalone/hsUtil/src/Date.ts
FN:25,formatNumber
FN:43,date
FN:69,(anonymous_2)
FN:70,(anonymous_3)
FN:71,(anonymous_4)
FN:72,(anonymous_5)
FN:73,(anonymous_6)
FN:74,(anonymous_7)
FN:75,(anonymous_8)
FN:76,(anonymous_9)
FNF:10
FNH:10
FNDA:408,formatNumber
FNDA:53,date
FNDA:1,(anonymous_2)
FNDA:1,(anonymous_3)
FNDA:1,(anonymous_4)
FNDA:1,(anonymous_5)
FNDA:1,(anonymous_6)
FNDA:1,(anonymous_7)
FNDA:1,(anonymous_8)
FNDA:1,(anonymous_9)
DA:16,2
DA:21,2
DA:26,408
DA:27,408
DA:28,408
DA:43,2
DA:44,53
DA:68,2
DA:69,1
DA:70,1
DA:71,1
DA:72,1
DA:73,1
DA:74,1
DA:75,1
DA:76,1
LF:16
LH:16
BRDA:43,0,0,47
BRDA:45,1,0,2
BRDA:45,1,1,51
BRDA:44,2,0,53
BRDA:44,2,1,51
BRF:5
BRH:5
end_of_record
TN:
SF:/Users/sth1pal/Documents/Development/JavaScript/nodejs/ts6/dev/hsLibs/standalone/hsUtil/src/Number.ts
FN:12,round
FNF:1
FNH:1
FNDA:4,round
DA:12,1
DA:19,4
DA:20,4
DA:21,4
LF:4
LH:4
BRDA:12,0,0,2
BRF:1
BRH:1
end_of_record
TN:
SF:/Users/sth1pal/Documents/Development/JavaScript/nodejs/ts6/dev/hsLibs/standalone/hsUtil/src/TimedPromises.ts
FN:12,timeout
FN:13,(anonymous_7)
FN:37,delay
FN:38,(anonymous_9)
FN:39,(anonymous_10)
FN:40,(anonymous_11)
FN:68,(anonymous_12)
FN:73,(anonymous_13)
FN:74,(anonymous_14)
FN:82,(anonymous_15)
FN:89,(anonymous_17)
FN:90,(anonymous_18)
FN:116,promiseChain
FN:117,(anonymous_20)
FN:119,(anonymous_21)
FN:119,(anonymous_22)
FNF:16
FNH:16
FNDA:1,timeout
FNDA:1,(anonymous_7)
FNDA:18,delay
FNDA:18,(anonymous_9)
FNDA:18,(anonymous_10)
FNDA:18,(anonymous_11)
FNDA:1,(anonymous_12)
FNDA:1,(anonymous_13)
FNDA:1,(anonymous_14)
FNDA:5,(anonymous_15)
FNDA:5,(anonymous_17)
FNDA:21,(anonymous_18)
FNDA:1,promiseChain
FNDA:3,(anonymous_20)
FNDA:3,(anonymous_21)
FNDA:3,(anonymous_22)
DA:12,1
DA:13,1
DA:37,1
DA:38,18
DA:39,18
DA:40,18
DA:56,1
DA:57,1
DA:59,1
DA:60,1
DA:61,1
DA:69,1
DA:70,1
DA:73,1
DA:74,1
DA:83,5
DA:84,5
DA:85,5
DA:86,5
DA:87,5
DA:88,5
DA:89,5
DA:90,5
DA:91,21
DA:92,5
DA:94,16
DA:97,5
DA:99,5
DA:100,5
DA:101,5
DA:102,5
DA:103,5
DA:116,1
DA:117,1
DA:119,3
DA:121,3
DA:122,3
LF:37
LH:37
BRDA:68,0,0,0
BRDA:68,1,0,0
BRDA:84,2,0,1
BRDA:84,2,1,4
BRDA:91,3,0,5
BRDA:91,3,1,16
BRDA:91,4,0,21
BRDA:91,4,1,21
BRDA:116,5,0,1
BRF:9
BRH:7
end_of_record
TN:
SF:/Users/sth1pal/Documents/Development/JavaScript/nodejs/ts6/dev/hsLibs/standalone/hsUtil/src/log.ts
FN:268,(anonymous_6)
FN:270,(anonymous_7)
FN:273,create
FN:281,level
FN:299,debug
FN:300,info
FN:301,warn
FN:302,error
FN:304,format
FN:310,prefix
FN:315,out
FN:333,logFile
FN:341,(anonymous_24)
FN:341,(anonymous_25)
FN:349,(anonymous_26)
FN:349,(anonymous_27)
FN:361,config
FN:367,inspect
FN:368,_inspect
FN:376,(anonymous_31)
FN:381,(anonymous_32)
FN:391,(anonymous_33)
FNF:22
FNH:20
FNDA:3,(anonymous_6)
FNDA:1,(anonymous_7)
FNDA:2,create
FNDA:52,level
FNDA:2,debug
FNDA:12,info
FNDA:3,warn
FNDA:1,error
FNDA:8,format
FNDA:28,prefix
FNDA:55,out
FNDA:10,logFile
FNDA:1,(anonymous_24)
FNDA:1,(anonymous_25)
FNDA:0,(anonymous_26)
FNDA:0,(anonymous_27)
FNDA:3,config
FNDA:11,inspect
FNDA:28,_inspect
FNDA:3,(anonymous_31)
FNDA:15,(anonymous_32)
FNDA:1,(anonymous_33)
DA:80,1
DA:83,1
DA:86,1
DA:89,1
DA:92,1
DA:104,1
DA:112,1
DA:115,1
DA:116,1
DA:119,1
DA:122,1
DA:267,1
DA:268,3
DA:270,1
DA:274,2
DA:282,52
DA:283,52
DA:284,52
DA:285,11
DA:286,41
DA:287,4
DA:288,37
DA:289,36
DA:290,32
DA:291,36
DA:292,36
DA:294,1
DA:296,52
DA:299,2
DA:300,12
DA:301,3
DA:302,1
DA:305,8
DA:306,3
DA:307,8
DA:311,28
DA:312,28
DA:316,55
DA:317,55
DA:318,55
DA:319,55
DA:320,33
DA:321,33
DA:322,33
DA:323,33
DA:324,33
DA:325,33
DA:326,33
DA:327,3
DA:330,52
DA:334,10
DA:335,1
DA:336,1
DA:337,9
DA:338,5
DA:339,4
DA:340,1
DA:341,1
DA:342,1
DA:343,1
DA:344,1
DA:346,0
DA:347,0
DA:349,0
DA:350,0
DA:351,0
DA:353,3
DA:354,1
DA:357,3
DA:358,3
DA:362,3
DA:363,3
DA:364,3
DA:369,28
DA:370,26
DA:371,25
DA:372,22
DA:373,16
DA:374,15
DA:375,12
DA:376,3
DA:378,9
DA:379,9
DA:380,9
DA:381,15
DA:385,1
DA:387,11
DA:388,11
DA:391,2
DA:392,1
DA:394,2
DA:395,2
DA:396,2
DA:397,2
DA:398,2
DA:399,2
DA:400,2
DA:401,2
DA:402,2
DA:403,2
DA:404,2
DA:405,2
DA:406,2
DA:407,2
DA:408,2
DA:409,2
LF:106
LH:101
BRDA:270,0,0,1
BRDA:270,0,1,0
BRDA:281,1,0,48
BRDA:282,2,0,52
BRDA:282,2,1,16
BRDA:283,3,0,52
BRDA:283,3,1,7
BRDA:284,4,0,11
BRDA:284,4,1,41
BRDA:286,5,0,4
BRDA:286,5,1,37
BRDA:288,6,0,36
BRDA:288,6,1,1
BRDA:289,7,0,4
BRDA:289,7,1,32
BRDA:291,8,0,4
BRDA:291,8,1,32
BRDA:292,9,0,20
BRDA:292,9,1,16
BRDA:299,10,0,2
BRDA:300,11,0,12
BRDA:301,12,0,3
BRDA:302,13,0,1
BRDA:305,14,0,5
BRDA:305,14,1,3
BRDA:306,15,0,2
BRDA:306,15,1,1
BRDA:311,16,0,27
BRDA:311,16,1,1
BRDA:315,17,0,37
BRDA:318,18,0,55
BRDA:318,18,1,3
BRDA:319,19,0,33
BRDA:319,19,1,22
BRDA:321,20,0,32
BRDA:321,20,1,1
BRDA:323,21,0,33
BRDA:323,21,1,0
BRDA:324,22,0,0
BRDA:324,22,1,33
BRDA:325,23,0,0
BRDA:325,23,1,33
BRDA:325,24,0,33
BRDA:325,24,1,33
BRDA:326,25,0,3
BRDA:326,25,1,30
BRDA:326,26,0,33
BRDA:326,26,1,3
BRDA:334,27,0,1
BRDA:334,27,1,9
BRDA:337,28,0,5
BRDA:337,28,1,4
BRDA:339,29,0,1
BRDA:339,29,1,3
BRDA:342,30,0,1
BRDA:342,30,1,0
BRDA:353,31,0,1
BRDA:353,31,1,2
BRDA:358,32,0,3
BRDA:358,32,1,0
BRDA:362,33,0,1
BRDA:362,33,1,2
BRDA:363,34,0,1
BRDA:363,34,1,2
BRDA:364,35,0,1
BRDA:364,35,1,2
BRDA:367,36,0,0
BRDA:367,37,0,9
BRDA:369,38,0,2
BRDA:369,38,1,26
BRDA:370,39,0,1
BRDA:370,39,1,25
BRDA:371,40,0,3
BRDA:371,40,1,22
BRDA:372,41,0,6
BRDA:372,41,1,16
BRDA:373,42,0,15
BRDA:373,42,1,1
BRDA:374,43,0,3
BRDA:374,43,1,12
BRDA:374,44,0,3
BRDA:374,44,1,0
BRDA:375,45,0,3
BRDA:375,45,1,9
BRDA:376,46,0,1
BRDA:376,46,1,2
BRDA:378,47,0,0
BRDA:378,47,1,9
BRDA:380,48,0,0
BRDA:380,48,1,9
BRDA:387,49,0,0
BRDA:387,49,1,11
BRDA:388,50,0,8
BRDA:388,50,1,3
BRDA:391,51,0,1
BRDA:391,52,0,1
BRF:96
BRH:85
end_of_record
