TN:
SF:/Users/sth1pal/Documents/Development/JavaScript/nodejs/ts6/dev/hsLibs/standalone/hsUtil/src/Checksum.ts
FN:9,shortCheckSum
FNF:1
FNH:1
FNDA:1,shortCheckSum
DA:9,1
DA:10,1
DA:11,1
DA:12,1
DA:13,27
DA:15,1
LF:6
LH:6
BRF:0
BRH:0
end_of_record
TN:
SF:/Users/sth1pal/Documents/Development/JavaScript/nodejs/ts6/dev/hsLibs/standalone/hsUtil/src/Date.ts
FN:25,formatNumber
FN:43,date
FN:69,(anonymous_2)
FN:70,(anonymous_3)
FN:71,(anonymous_4)
FN:72,(anonymous_5)
FN:73,(anonymous_6)
FN:74,(anonymous_7)
FN:75,(anonymous_8)
FN:76,(anonymous_9)
FNF:10
FNH:10
FNDA:408,formatNumber
FNDA:53,date
FNDA:1,(anonymous_2)
FNDA:1,(anonymous_3)
FNDA:1,(anonymous_4)
FNDA:1,(anonymous_5)
FNDA:1,(anonymous_6)
FNDA:1,(anonymous_7)
FNDA:1,(anonymous_8)
FNDA:1,(anonymous_9)
DA:16,2
DA:21,2
DA:26,408
DA:27,408
DA:28,408
DA:43,2
DA:44,53
DA:68,2
DA:69,1
DA:70,1
DA:71,1
DA:72,1
DA:73,1
DA:74,1
DA:75,1
DA:76,1
LF:16
LH:16
BRDA:43,0,0,47
BRDA:45,1,0,2
BRDA:45,1,1,51
BRDA:44,2,0,53
BRDA:44,2,1,51
BRF:5
BRH:5
end_of_record
TN:
SF:/Users/sth1pal/Documents/Development/JavaScript/nodejs/ts6/dev/hsLibs/standalone/hsUtil/src/Number.ts
FN:12,round
FNF:1
FNH:1
FNDA:4,round
DA:12,1
DA:19,4
DA:20,4
DA:21,4
LF:4
LH:4
BRDA:12,0,0,2
BRF:1
BRH:1
end_of_record
TN:
SF:/Users/sth1pal/Documents/Development/JavaScript/nodejs/ts6/dev/hsLibs/standalone/hsUtil/src/TimedPromises.ts
FN:12,timeout
FN:13,(anonymous_7)
FN:37,delay
FN:38,(anonymous_9)
FN:39,(anonymous_10)
FN:40,(anonymous_11)
FN:68,(anonymous_12)
FN:73,(anonymous_13)
FN:74,(anonymous_14)
FN:82,(anonymous_15)
FN:89,(anonymous_17)
FN:90,(anonymous_18)
FN:116,promiseChain
FN:117,(anonymous_20)
FN:119,(anonymous_21)
FN:119,(anonymous_22)
FNF:16
FNH:16
FNDA:1,timeout
FNDA:1,(anonymous_7)
FNDA:18,delay
FNDA:18,(anonymous_9)
FNDA:18,(anonymous_10)
FNDA:18,(anonymous_11)
FNDA:1,(anonymous_12)
FNDA:1,(anonymous_13)
FNDA:1,(anonymous_14)
FNDA:5,(anonymous_15)
FNDA:5,(anonymous_17)
FNDA:20,(anonymous_18)
FNDA:1,promiseChain
FNDA:3,(anonymous_20)
FNDA:3,(anonymous_21)
FNDA:3,(anonymous_22)
DA:12,1
DA:13,1
DA:37,1
DA:38,18
DA:39,18
DA:40,18
DA:56,1
DA:57,1
DA:59,1
DA:60,1
DA:61,1
DA:69,1
DA:70,1
DA:73,1
DA:74,1
DA:83,5
DA:84,5
DA:85,5
DA:86,5
DA:87,5
DA:88,5
DA:89,5
DA:90,5
DA:91,20
DA:92,5
DA:94,15
DA:97,5
DA:99,5
DA:100,5
DA:101,5
DA:102,5
DA:103,5
DA:116,1
DA:117,1
DA:119,3
DA:121,3
DA:122,3
LF:37
LH:37
BRDA:68,0,0,0
BRDA:68,1,0,0
BRDA:84,2,0,1
BRDA:84,2,1,4
BRDA:91,3,0,5
BRDA:91,3,1,15
BRDA:91,4,0,20
BRDA:91,4,1,20
BRDA:116,5,0,1
BRF:9
BRH:7
end_of_record
TN:
SF:/Users/sth1pal/Documents/Development/JavaScript/nodejs/ts6/dev/hsLibs/standalone/hsUtil/src/log.ts
FN:263,(anonymous_6)
FN:265,(anonymous_7)
FN:268,create
FN:276,level
FN:294,debug
FN:295,info
FN:296,warn
FN:297,error
FN:299,format
FN:305,prefix
FN:310,out
FN:328,logFile
FN:336,(anonymous_24)
FN:336,(anonymous_25)
FN:344,(anonymous_26)
FN:344,(anonymous_27)
FN:356,config
FN:362,inspect
FN:370,(anonymous_30)
FN:371,(anonymous_31)
FN:378,(anonymous_32)
FNF:21
FNH:19
FNDA:3,(anonymous_6)
FNDA:1,(anonymous_7)
FNDA:2,create
FNDA:58,level
FNDA:2,debug
FNDA:12,info
FNDA:3,warn
FNDA:1,error
FNDA:8,format
FNDA:34,prefix
FNDA:61,out
FNDA:10,logFile
FNDA:1,(anonymous_24)
FNDA:1,(anonymous_25)
FNDA:0,(anonymous_26)
FNDA:0,(anonymous_27)
FNDA:3,config
FNDA:21,inspect
FNDA:3,(anonymous_30)
FNDA:10,(anonymous_31)
FNDA:1,(anonymous_32)
DA:80,1
DA:83,1
DA:86,1
DA:89,1
DA:92,1
DA:104,1
DA:112,1
DA:115,1
DA:116,1
DA:119,1
DA:122,1
DA:262,1
DA:263,3
DA:265,1
DA:269,2
DA:277,58
DA:278,58
DA:279,58
DA:280,11
DA:281,47
DA:282,4
DA:283,43
DA:284,42
DA:285,38
DA:286,42
DA:287,42
DA:289,1
DA:291,58
DA:294,2
DA:295,12
DA:296,3
DA:297,1
DA:300,8
DA:301,3
DA:302,8
DA:306,34
DA:307,34
DA:311,61
DA:312,61
DA:313,61
DA:314,61
DA:315,33
DA:316,33
DA:317,33
DA:318,33
DA:319,33
DA:320,33
DA:321,33
DA:322,3
DA:325,58
DA:329,10
DA:330,1
DA:331,1
DA:332,9
DA:333,5
DA:334,4
DA:335,1
DA:336,1
DA:337,1
DA:338,1
DA:339,1
DA:341,0
DA:342,0
DA:344,0
DA:345,0
DA:346,0
DA:348,3
DA:349,1
DA:352,3
DA:353,3
DA:357,3
DA:358,3
DA:359,3
DA:363,21
DA:364,21
DA:365,19
DA:366,18
DA:367,16
DA:368,12
DA:369,11
DA:370,9
DA:371,10
DA:375,1
DA:378,2
DA:379,1
DA:381,2
DA:382,2
DA:383,2
DA:384,2
DA:385,2
DA:386,2
DA:387,2
DA:388,2
DA:389,2
DA:390,2
DA:391,2
DA:392,2
DA:393,2
DA:394,2
DA:395,2
DA:396,2
LF:101
LH:96
BRDA:265,0,0,1
BRDA:265,0,1,0
BRDA:276,1,0,54
BRDA:277,2,0,58
BRDA:277,2,1,16
BRDA:278,3,0,58
BRDA:278,3,1,7
BRDA:279,4,0,11
BRDA:279,4,1,47
BRDA:281,5,0,4
BRDA:281,5,1,43
BRDA:283,6,0,42
BRDA:283,6,1,1
BRDA:284,7,0,4
BRDA:284,7,1,38
BRDA:286,8,0,4
BRDA:286,8,1,38
BRDA:287,9,0,26
BRDA:287,9,1,16
BRDA:294,10,0,2
BRDA:295,11,0,12
BRDA:296,12,0,3
BRDA:297,13,0,1
BRDA:300,14,0,5
BRDA:300,14,1,3
BRDA:301,15,0,2
BRDA:301,15,1,1
BRDA:306,16,0,33
BRDA:306,16,1,1
BRDA:310,17,0,43
BRDA:313,18,0,61
BRDA:313,18,1,3
BRDA:314,19,0,33
BRDA:314,19,1,28
BRDA:316,20,0,32
BRDA:316,20,1,1
BRDA:318,21,0,33
BRDA:318,21,1,0
BRDA:319,22,0,0
BRDA:319,22,1,33
BRDA:320,23,0,0
BRDA:320,23,1,33
BRDA:320,24,0,33
BRDA:320,24,1,33
BRDA:321,25,0,3
BRDA:321,25,1,30
BRDA:321,26,0,33
BRDA:321,26,1,3
BRDA:329,27,0,1
BRDA:329,27,1,9
BRDA:332,28,0,5
BRDA:332,28,1,4
BRDA:334,29,0,1
BRDA:334,29,1,3
BRDA:337,30,0,1
BRDA:337,30,1,0
BRDA:348,31,0,1
BRDA:348,31,1,2
BRDA:353,32,0,3
BRDA:353,32,1,0
BRDA:357,33,0,1
BRDA:357,33,1,2
BRDA:358,34,0,1
BRDA:358,34,1,2
BRDA:359,35,0,1
BRDA:359,35,1,2
BRDA:362,36,0,0
BRDA:362,37,0,9
BRDA:363,38,0,7
BRDA:363,38,1,14
BRDA:364,39,0,2
BRDA:364,39,1,19
BRDA:365,40,0,1
BRDA:365,40,1,18
BRDA:366,41,0,2
BRDA:366,41,1,16
BRDA:367,42,0,4
BRDA:367,42,1,12
BRDA:368,43,0,11
BRDA:368,43,1,1
BRDA:369,44,0,2
BRDA:369,44,1,9
BRDA:369,45,0,2
BRDA:369,45,1,0
BRDA:370,46,0,3
BRDA:370,46,1,6
BRDA:370,47,0,1
BRDA:370,47,1,2
BRDA:378,48,0,1
BRDA:378,49,0,1
BRF:90
BRH:82
end_of_record
